This file contains any messages produced by compilers while
running configure, to aid debugging if configure makes a mistake.

It was created by rezlooks configure 0.6, which was
generated by GNU Autoconf 2.59.  Invocation command line was

  $ ./configure --prefix=/usr --enable-animation

## --------- ##
## Platform. ##
## --------- ##

hostname = montaigne
uname -m = i686
uname -r = 2.6.16-ARCH
uname -s = Linux
uname -v = #1 SMP PREEMPT Tue Jun 6 08:33:18 UTC 2006

/usr/bin/uname -p = unknown
/bin/uname -X     = unknown

/bin/arch              = i686
/usr/bin/arch -k       = unknown
/usr/convex/getsysinfo = unknown
hostinfo               = unknown
/bin/machine           = unknown
/usr/bin/oslevel       = unknown
/bin/universe          = unknown

PATH: /bin
PATH: /usr/bin
PATH: /sbin
PATH: /usr/sbin
PATH: /usr/X11R6/bin
PATH: /opt/bin
PATH: /opt/gnome/bin
PATH: /opt/java/jre/bin
PATH: /opt/mozilla/bin
PATH: /opt/qt/bin
PATH: /opt/xfce4/bin
PATH: /home/rezza/bin
PATH: /usr/lib/wine/bin
PATH: /sbin
PATH: /usr/sbin
PATH: /opt/gnome/sbin
PATH: /usr/local/bin


## ----------- ##
## Core tests. ##
## ----------- ##

configure:1568: checking for a BSD-compatible install
configure:1623: result: /bin/install -c
configure:1634: checking whether build environment is sane
configure:1677: result: yes
configure:1742: checking for gawk
configure:1758: found /bin/gawk
configure:1768: result: gawk
configure:1778: checking whether make sets $(MAKE)
configure:1798: result: yes
configure:1967: checking whether to enable maintainer-specific portions of Makefiles
configure:1976: result: no
configure:2038: checking for gcc
configure:2054: found /usr/bin/gcc
configure:2064: result: gcc
configure:2308: checking for C compiler version
configure:2311: gcc --version </dev/null >&5
gcc (GCC) 4.0.3
Copyright (C) 2006 Free Software Foundation, Inc.
This is free software; see the source for copying conditions.  There is NO
warranty; not even for MERCHANTABILITY or FITNESS FOR A PARTICULAR PURPOSE.

configure:2314: $? = 0
configure:2316: gcc -v </dev/null >&5
Using built-in specs.
Target: i686-pc-linux-gnu
Configured with: ../gcc-4.0.3/configure --host=i686-pc-linux-gnu --build=i686-pc-linux-gnu --prefix=/usr --enable-shared --enable-languages=c,c++,objc --enable-threads=posix --enable-__cxa_atexit
Thread model: posix
gcc version 4.0.3
configure:2319: $? = 0
configure:2321: gcc -V </dev/null >&5
gcc: '-V' option must have argument
configure:2324: $? = 1
configure:2347: checking for C compiler default output file name
configure:2350: gcc    conftest.c  >&5
configure:2353: $? = 0
configure:2399: result: a.out
configure:2404: checking whether the C compiler works
configure:2410: ./a.out
configure:2413: $? = 0
configure:2430: result: yes
configure:2437: checking whether we are cross compiling
configure:2439: result: no
configure:2442: checking for suffix of executables
configure:2444: gcc -o conftest    conftest.c  >&5
configure:2447: $? = 0
configure:2472: result: 
configure:2478: checking for suffix of object files
configure:2499: gcc -c   conftest.c >&5
configure:2502: $? = 0
configure:2524: result: o
configure:2528: checking whether we are using the GNU C compiler
configure:2552: gcc -c   conftest.c >&5
configure:2558: $? = 0
configure:2562: test -z 
			 || test ! -s conftest.err
configure:2565: $? = 0
configure:2568: test -s conftest.o
configure:2571: $? = 0
configure:2584: result: yes
configure:2590: checking whether gcc accepts -g
configure:2611: gcc -c -g  conftest.c >&5
configure:2617: $? = 0
configure:2621: test -z 
			 || test ! -s conftest.err
configure:2624: $? = 0
configure:2627: test -s conftest.o
configure:2630: $? = 0
configure:2641: result: yes
configure:2658: checking for gcc option to accept ANSI C
configure:2728: gcc  -c -g -O2  conftest.c >&5
configure:2734: $? = 0
configure:2738: test -z 
			 || test ! -s conftest.err
configure:2741: $? = 0
configure:2744: test -s conftest.o
configure:2747: $? = 0
configure:2765: result: none needed
configure:2783: gcc -c -g -O2  conftest.c >&5
conftest.c:2: error: syntax error before 'me'
configure:2789: $? = 1
configure: failed program was:
| #ifndef __cplusplus
|   choke me
| #endif
configure:2933: checking for style of include used by make
configure:2961: result: GNU
configure:2989: checking dependency style of gcc
configure:3079: result: gcc3
configure:3142: checking for gcc
configure:3168: result: gcc
configure:3412: checking for C compiler version
configure:3415: gcc --version </dev/null >&5
gcc (GCC) 4.0.3
Copyright (C) 2006 Free Software Foundation, Inc.
This is free software; see the source for copying conditions.  There is NO
warranty; not even for MERCHANTABILITY or FITNESS FOR A PARTICULAR PURPOSE.

configure:3418: $? = 0
configure:3420: gcc -v </dev/null >&5
Using built-in specs.
Target: i686-pc-linux-gnu
Configured with: ../gcc-4.0.3/configure --host=i686-pc-linux-gnu --build=i686-pc-linux-gnu --prefix=/usr --enable-shared --enable-languages=c,c++,objc --enable-threads=posix --enable-__cxa_atexit
Thread model: posix
gcc version 4.0.3
configure:3423: $? = 0
configure:3425: gcc -V </dev/null >&5
gcc: '-V' option must have argument
configure:3428: $? = 1
configure:3431: checking whether we are using the GNU C compiler
configure:3487: result: yes
configure:3493: checking whether gcc accepts -g
configure:3544: result: yes
configure:3561: checking for gcc option to accept ANSI C
configure:3668: result: none needed
configure:3686: gcc -c -g -O2  conftest.c >&5
conftest.c:2: error: syntax error before 'me'
configure:3692: $? = 1
configure: failed program was:
| #ifndef __cplusplus
|   choke me
| #endif
configure:3827: checking dependency style of gcc
configure:3917: result: gcc3
configure:3950: checking for a BSD-compatible install
configure:4005: result: /bin/install -c
configure:4016: checking whether make sets $(MAKE)
configure:4036: result: yes
configure:4127: checking build system type
configure:4145: result: i686-pc-linux-gnu
configure:4153: checking host system type
configure:4167: result: i686-pc-linux-gnu
configure:4175: checking for a sed that does not truncate output
configure:4229: result: /bin/sed
configure:4232: checking for egrep
configure:4242: result: grep -E
configure:4258: checking for ld used by gcc
configure:4325: result: /usr/bin/ld
configure:4334: checking if the linker (/usr/bin/ld) is GNU ld
configure:4349: result: yes
configure:4354: checking for /usr/bin/ld option to reload object files
configure:4361: result: -r
configure:4379: checking for BSD-compatible nm
configure:4428: result: /usr/bin/nm -B
configure:4432: checking whether ln -s works
configure:4436: result: yes
configure:4443: checking how to recognise dependent libraries
configure:4619: result: pass_all
configure:5098: checking how to run the C preprocessor
configure:5133: gcc -E  conftest.c
configure:5139: $? = 0
configure:5171: gcc -E  conftest.c
conftest.c:11:28: error: ac_nonexistent.h: No such file or directory
configure:5177: $? = 1
configure: failed program was:
| /* confdefs.h.  */
| 
| #define PACKAGE_NAME "rezlooks"
| #define PACKAGE_TARNAME "rezlooks"
| #define PACKAGE_VERSION "0.6"
| #define PACKAGE_STRING "rezlooks 0.6"
| #define PACKAGE_BUGREPORT ""
| #define PACKAGE "rezlooks"
| #define VERSION "0.6"
| /* end confdefs.h.  */
| #include <ac_nonexistent.h>
configure:5216: result: gcc -E
configure:5240: gcc -E  conftest.c
configure:5246: $? = 0
configure:5278: gcc -E  conftest.c
conftest.c:11:28: error: ac_nonexistent.h: No such file or directory
configure:5284: $? = 1
configure: failed program was:
| /* confdefs.h.  */
| 
| #define PACKAGE_NAME "rezlooks"
| #define PACKAGE_TARNAME "rezlooks"
| #define PACKAGE_VERSION "0.6"
| #define PACKAGE_STRING "rezlooks 0.6"
| #define PACKAGE_BUGREPORT ""
| #define PACKAGE "rezlooks"
| #define VERSION "0.6"
| /* end confdefs.h.  */
| #include <ac_nonexistent.h>
configure:5328: checking for ANSI C header files
configure:5353: gcc -c -g -O2  conftest.c >&5
configure:5359: $? = 0
configure:5363: test -z 
			 || test ! -s conftest.err
configure:5366: $? = 0
configure:5369: test -s conftest.o
configure:5372: $? = 0
configure:5461: gcc -o conftest -g -O2   conftest.c  >&5
conftest.c: In function 'main':
conftest.c:28: warning: incompatible implicit declaration of built-in function 'exit'
configure:5464: $? = 0
configure:5466: ./conftest
configure:5469: $? = 0
configure:5484: result: yes
configure:5508: checking for sys/types.h
configure:5524: gcc -c -g -O2  conftest.c >&5
configure:5530: $? = 0
configure:5534: test -z 
			 || test ! -s conftest.err
configure:5537: $? = 0
configure:5540: test -s conftest.o
configure:5543: $? = 0
configure:5554: result: yes
configure:5508: checking for sys/stat.h
configure:5524: gcc -c -g -O2  conftest.c >&5
configure:5530: $? = 0
configure:5534: test -z 
			 || test ! -s conftest.err
configure:5537: $? = 0
configure:5540: test -s conftest.o
configure:5543: $? = 0
configure:5554: result: yes
configure:5508: checking for stdlib.h
configure:5524: gcc -c -g -O2  conftest.c >&5
configure:5530: $? = 0
configure:5534: test -z 
			 || test ! -s conftest.err
configure:5537: $? = 0
configure:5540: test -s conftest.o
configure:5543: $? = 0
configure:5554: result: yes
configure:5508: checking for string.h
configure:5524: gcc -c -g -O2  conftest.c >&5
configure:5530: $? = 0
configure:5534: test -z 
			 || test ! -s conftest.err
configure:5537: $? = 0
configure:5540: test -s conftest.o
configure:5543: $? = 0
configure:5554: result: yes
configure:5508: checking for memory.h
configure:5524: gcc -c -g -O2  conftest.c >&5
configure:5530: $? = 0
configure:5534: test -z 
			 || test ! -s conftest.err
configure:5537: $? = 0
configure:5540: test -s conftest.o
configure:5543: $? = 0
configure:5554: result: yes
configure:5508: checking for strings.h
configure:5524: gcc -c -g -O2  conftest.c >&5
configure:5530: $? = 0
configure:5534: test -z 
			 || test ! -s conftest.err
configure:5537: $? = 0
configure:5540: test -s conftest.o
configure:5543: $? = 0
configure:5554: result: yes
configure:5508: checking for inttypes.h
configure:5524: gcc -c -g -O2  conftest.c >&5
configure:5530: $? = 0
configure:5534: test -z 
			 || test ! -s conftest.err
configure:5537: $? = 0
configure:5540: test -s conftest.o
configure:5543: $? = 0
configure:5554: result: yes
configure:5508: checking for stdint.h
configure:5524: gcc -c -g -O2  conftest.c >&5
configure:5530: $? = 0
configure:5534: test -z 
			 || test ! -s conftest.err
configure:5537: $? = 0
configure:5540: test -s conftest.o
configure:5543: $? = 0
configure:5554: result: yes
configure:5508: checking for unistd.h
configure:5524: gcc -c -g -O2  conftest.c >&5
configure:5530: $? = 0
configure:5534: test -z 
			 || test ! -s conftest.err
configure:5537: $? = 0
configure:5540: test -s conftest.o
configure:5543: $? = 0
configure:5554: result: yes
configure:5580: checking dlfcn.h usability
configure:5592: gcc -c -g -O2  conftest.c >&5
configure:5598: $? = 0
configure:5602: test -z 
			 || test ! -s conftest.err
configure:5605: $? = 0
configure:5608: test -s conftest.o
configure:5611: $? = 0
configure:5621: result: yes
configure:5625: checking dlfcn.h presence
configure:5635: gcc -E  conftest.c
configure:5641: $? = 0
configure:5661: result: yes
configure:5696: checking for dlfcn.h
configure:5703: result: yes
configure:5768: checking for g++
configure:5784: found /usr/bin/g++
configure:5794: result: g++
configure:5810: checking for C++ compiler version
configure:5813: g++ --version </dev/null >&5
g++ (GCC) 4.0.3
Copyright (C) 2006 Free Software Foundation, Inc.
This is free software; see the source for copying conditions.  There is NO
warranty; not even for MERCHANTABILITY or FITNESS FOR A PARTICULAR PURPOSE.

configure:5816: $? = 0
configure:5818: g++ -v </dev/null >&5
Using built-in specs.
Target: i686-pc-linux-gnu
Configured with: ../gcc-4.0.3/configure --host=i686-pc-linux-gnu --build=i686-pc-linux-gnu --prefix=/usr --enable-shared --enable-languages=c,c++,objc --enable-threads=posix --enable-__cxa_atexit
Thread model: posix
gcc version 4.0.3
configure:5821: $? = 0
configure:5823: g++ -V </dev/null >&5
g++: '-V' option must have argument
configure:5826: $? = 1
configure:5829: checking whether we are using the GNU C++ compiler
configure:5853: g++ -c   conftest.cc >&5
configure:5859: $? = 0
configure:5863: test -z 
			 || test ! -s conftest.err
configure:5866: $? = 0
configure:5869: test -s conftest.o
configure:5872: $? = 0
configure:5885: result: yes
configure:5891: checking whether g++ accepts -g
configure:5912: g++ -c -g  conftest.cc >&5
configure:5918: $? = 0
configure:5922: test -z 
			 || test ! -s conftest.err
configure:5925: $? = 0
configure:5928: test -s conftest.o
configure:5931: $? = 0
configure:5942: result: yes
configure:5984: g++ -c -g -O2  conftest.cc >&5
configure:5990: $? = 0
configure:5994: test -z 
			 || test ! -s conftest.err
configure:5997: $? = 0
configure:6000: test -s conftest.o
configure:6003: $? = 0
configure:6029: g++ -c -g -O2  conftest.cc >&5
conftest.cc: In function 'int main()':
conftest.cc:26: error: 'exit' was not declared in this scope
configure:6035: $? = 1
configure: failed program was:
| /* confdefs.h.  */
| 
| #define PACKAGE_NAME "rezlooks"
| #define PACKAGE_TARNAME "rezlooks"
| #define PACKAGE_VERSION "0.6"
| #define PACKAGE_STRING "rezlooks 0.6"
| #define PACKAGE_BUGREPORT ""
| #define PACKAGE "rezlooks"
| #define VERSION "0.6"
| #define STDC_HEADERS 1
| #define HAVE_SYS_TYPES_H 1
| #define HAVE_SYS_STAT_H 1
| #define HAVE_STDLIB_H 1
| #define HAVE_STRING_H 1
| #define HAVE_MEMORY_H 1
| #define HAVE_STRINGS_H 1
| #define HAVE_INTTYPES_H 1
| #define HAVE_STDINT_H 1
| #define HAVE_UNISTD_H 1
| #define HAVE_DLFCN_H 1
| /* end confdefs.h.  */
| 
| int
| main ()
| {
| exit (42);
|   ;
|   return 0;
| }
configure:5984: g++ -c -g -O2  conftest.cc >&5
configure:5990: $? = 0
configure:5994: test -z 
			 || test ! -s conftest.err
configure:5997: $? = 0
configure:6000: test -s conftest.o
configure:6003: $? = 0
configure:6029: g++ -c -g -O2  conftest.cc >&5
configure:6035: $? = 0
configure:6039: test -z 
			 || test ! -s conftest.err
configure:6042: $? = 0
configure:6045: test -s conftest.o
configure:6048: $? = 0
configure:6073: checking dependency style of g++
configure:6163: result: gcc3
configure:6190: checking how to run the C++ preprocessor
configure:6221: g++ -E  conftest.cc
configure:6227: $? = 0
configure:6259: g++ -E  conftest.cc
conftest.cc:25:28: error: ac_nonexistent.h: No such file or directory
configure:6265: $? = 1
configure: failed program was:
| /* confdefs.h.  */
| 
| #define PACKAGE_NAME "rezlooks"
| #define PACKAGE_TARNAME "rezlooks"
| #define PACKAGE_VERSION "0.6"
| #define PACKAGE_STRING "rezlooks 0.6"
| #define PACKAGE_BUGREPORT ""
| #define PACKAGE "rezlooks"
| #define VERSION "0.6"
| #define STDC_HEADERS 1
| #define HAVE_SYS_TYPES_H 1
| #define HAVE_SYS_STAT_H 1
| #define HAVE_STDLIB_H 1
| #define HAVE_STRING_H 1
| #define HAVE_MEMORY_H 1
| #define HAVE_STRINGS_H 1
| #define HAVE_INTTYPES_H 1
| #define HAVE_STDINT_H 1
| #define HAVE_UNISTD_H 1
| #define HAVE_DLFCN_H 1
| #ifdef __cplusplus
| extern "C" void std::exit (int) throw (); using std::exit;
| #endif
| /* end confdefs.h.  */
| #include <ac_nonexistent.h>
configure:6304: result: g++ -E
configure:6328: g++ -E  conftest.cc
configure:6334: $? = 0
configure:6366: g++ -E  conftest.cc
conftest.cc:25:28: error: ac_nonexistent.h: No such file or directory
configure:6372: $? = 1
configure: failed program was:
| /* confdefs.h.  */
| 
| #define PACKAGE_NAME "rezlooks"
| #define PACKAGE_TARNAME "rezlooks"
| #define PACKAGE_VERSION "0.6"
| #define PACKAGE_STRING "rezlooks 0.6"
| #define PACKAGE_BUGREPORT ""
| #define PACKAGE "rezlooks"
| #define VERSION "0.6"
| #define STDC_HEADERS 1
| #define HAVE_SYS_TYPES_H 1
| #define HAVE_SYS_STAT_H 1
| #define HAVE_STDLIB_H 1
| #define HAVE_STRING_H 1
| #define HAVE_MEMORY_H 1
| #define HAVE_STRINGS_H 1
| #define HAVE_INTTYPES_H 1
| #define HAVE_STDINT_H 1
| #define HAVE_UNISTD_H 1
| #define HAVE_DLFCN_H 1
| #ifdef __cplusplus
| extern "C" void std::exit (int) throw (); using std::exit;
| #endif
| /* end confdefs.h.  */
| #include <ac_nonexistent.h>
configure:6469: checking for g77
configure:6498: result: no
configure:6469: checking for f77
configure:6498: result: no
configure:6469: checking for xlf
configure:6498: result: no
configure:6469: checking for frt
configure:6498: result: no
configure:6469: checking for pgf77
configure:6498: result: no
configure:6469: checking for fort77
configure:6498: result: no
configure:6469: checking for fl32
configure:6498: result: no
configure:6469: checking for af77
configure:6498: result: no
configure:6469: checking for f90
configure:6498: result: no
configure:6469: checking for xlf90
configure:6498: result: no
configure:6469: checking for pgf90
configure:6498: result: no
configure:6469: checking for epcf90
configure:6498: result: no
configure:6469: checking for f95
configure:6498: result: no
configure:6469: checking for fort
configure:6498: result: no
configure:6469: checking for xlf95
configure:6498: result: no
configure:6469: checking for ifc
configure:6498: result: no
configure:6469: checking for efc
configure:6498: result: no
configure:6469: checking for pgf95
configure:6498: result: no
configure:6469: checking for lf95
configure:6498: result: no
configure:6469: checking for gfortran
configure:6485: found /usr/bin/gfortran
configure:6495: result: gfortran
configure:6510: checking for Fortran 77 compiler version
configure:6513: gfortran --version </dev/null >&5
GNU Fortran 95 (GCC 4.0.3 20051222 (prerelease))
Copyright (C) 2005 Free Software Foundation, Inc.

GNU Fortran comes with NO WARRANTY, to the extent permitted by law.
You may redistribute copies of GNU Fortran
under the terms of the GNU General Public License.
For more information about these matters, see the file named COPYING
configure:6516: $? = 0
configure:6518: gfortran -v </dev/null >&5
Using built-in specs.
Target: i686-pc-linux-gnu
Configured with: ../gcc-4.0-20051222/configure --prefix=/usr --enable-shared --enable-languages=f95 --enable-threads=posix --enable-__cxa_atexit
Thread model: posix
gcc version 4.0.3 20051222 (prerelease)
configure:6521: $? = 0
configure:6523: gfortran -V </dev/null >&5
gfortran: '-V' option must have argument
configure:6526: $? = 1
configure:6534: checking whether we are using the GNU Fortran 77 compiler
configure:6548: gfortran -c  conftest.F >&5
configure:6554: $? = 0
configure:6558: test -z 
			 || test ! -s conftest.err
configure:6561: $? = 0
configure:6564: test -s conftest.o
configure:6567: $? = 0
configure:6580: result: yes
configure:6586: checking whether gfortran accepts -g
configure:6598: gfortran -c -g conftest.f >&5
configure:6604: $? = 0
configure:6608: test -z 
			 || test ! -s conftest.err
configure:6611: $? = 0
configure:6614: test -s conftest.o
configure:6617: $? = 0
configure:6629: result: yes
configure:6659: checking the maximum length of command line arguments
configure:6768: result: 32768
configure:6779: checking command to parse /usr/bin/nm -B output from gcc object
configure:6884: gcc -c -g -O2  conftest.c >&5
configure:6887: $? = 0
configure:6891: /usr/bin/nm -B conftest.o \| sed -n -e 's/^.*[ 	]\([ABCDGIRSTW][ABCDGIRSTW]*\)[ 	][ 	]*\([_A-Za-z][_A-Za-z0-9]*\)$/\1 \2 \2/p' \> conftest.nm
configure:6894: $? = 0
configure:6946: gcc -o conftest -g -O2   conftest.c conftstm.o >&5
configure:6949: $? = 0
configure:6987: result: ok
configure:6991: checking for objdir
configure:7006: result: .libs
configure:7096: checking for ar
configure:7112: found /usr/bin/ar
configure:7123: result: ar
configure:7176: checking for ranlib
configure:7192: found /usr/bin/ranlib
configure:7203: result: ranlib
configure:7256: checking for strip
configure:7272: found /usr/bin/strip
configure:7283: result: strip
configure:7555: checking if gcc supports -fno-rtti -fno-exceptions
configure:7573: gcc -c -g -O2  -fno-rtti -fno-exceptions conftest.c >&5
cc1: warning: command line option "-fno-rtti" is valid for C++/ObjC++ but not for C
configure:7577: $? = 0
configure:7590: result: no
configure:7605: checking for gcc option to produce PIC
configure:7815: result: -fPIC
configure:7823: checking if gcc PIC flag -fPIC works
configure:7841: gcc -c -g -O2  -fPIC -DPIC conftest.c >&5
configure:7845: $? = 0
configure:7858: result: yes
configure:7886: checking if gcc static flag -static works
configure:7914: result: yes
configure:7924: checking if gcc supports -c -o file.o
configure:7945: gcc -c -g -O2  -o out/conftest2.o conftest.c >&5
configure:7949: $? = 0
configure:7971: result: yes
configure:7997: checking whether the gcc linker (/usr/bin/ld) supports shared libraries
configure:8955: result: yes
configure:8976: checking whether -lc should be explicitly linked in
configure:8981: gcc -c -g -O2  conftest.c >&5
configure:8984: $? = 0
configure:8999: gcc -shared conftest.o  -v -Wl,-soname -Wl,conftest -o conftest 2\>\&1 \| grep  -lc  \>/dev/null 2\>\&1
configure:9002: $? = 0
configure:9014: result: no
configure:9022: checking dynamic linker characteristics
configure:9610: result: GNU/Linux ld.so
configure:9619: checking how to hardcode library paths into programs
configure:9644: result: immediate
configure:9658: checking whether stripping libraries is possible
configure:9663: result: yes
configure:10497: checking if libtool supports shared libraries
configure:10499: result: yes
configure:10502: checking whether to build shared libraries
configure:10523: result: yes
configure:10526: checking whether to build static libraries
configure:10530: result: no
configure:10622: creating libtool
configure:11210: checking for ld used by g++
configure:11277: result: /usr/bin/ld
configure:11286: checking if the linker (/usr/bin/ld) is GNU ld
configure:11301: result: yes
configure:11352: checking whether the g++ linker (/usr/bin/ld) supports shared libraries
configure:12290: result: yes
configure:12308: g++ -c -g -O2  conftest.cpp >&5
configure:12311: $? = 0
configure:12430: checking for g++ option to produce PIC
configure:12704: result: -fPIC
configure:12712: checking if g++ PIC flag -fPIC works
configure:12730: g++ -c -g -O2  -fPIC -DPIC conftest.cpp >&5
configure:12734: $? = 0
configure:12747: result: yes
configure:12775: checking if g++ static flag -static works
configure:12803: result: yes
configure:12813: checking if g++ supports -c -o file.o
configure:12834: g++ -c -g -O2  -o out/conftest2.o conftest.cpp >&5
configure:12838: $? = 0
configure:12860: result: yes
configure:12886: checking whether the g++ linker (/usr/bin/ld) supports shared libraries
configure:12911: result: yes
configure:12978: checking dynamic linker characteristics
configure:13566: result: GNU/Linux ld.so
configure:13575: checking how to hardcode library paths into programs
configure:13600: result: immediate
configure:14126: checking if libtool supports shared libraries
configure:14128: result: yes
configure:14131: checking whether to build shared libraries
configure:14151: result: yes
configure:14154: checking whether to build static libraries
configure:14158: result: no
configure:14168: checking for gfortran option to produce PIC
configure:14378: result: -fPIC
configure:14386: checking if gfortran PIC flag -fPIC works
configure:14404: gfortran -c -g -O2 -fPIC conftest.f >&5
configure:14408: $? = 0
configure:14421: result: yes
configure:14449: checking if gfortran static flag -static works
configure:14477: result: yes
configure:14487: checking if gfortran supports -c -o file.o
configure:14508: gfortran -c -g -O2 -o out/conftest2.o conftest.f >&5
configure:14512: $? = 0
configure:14534: result: yes
configure:14560: checking whether the gfortran linker (/usr/bin/ld) supports shared libraries
configure:15498: result: yes
configure:15565: checking dynamic linker characteristics
configure:16153: result: GNU/Linux ld.so
configure:16162: checking how to hardcode library paths into programs
configure:16187: result: immediate
configure:19810: checking for pkg-config
configure:19828: found /usr/bin/pkg-config
configure:19840: result: /usr/bin/pkg-config
configure:19855: checking pkg-config is at least version 0.9.0
configure:19858: result: yes
configure:19869: checking for GTK
configure:19877: $PKG_CONFIG --exists --print-errors "gtk+-2.0 >= 2.8.0"
configure:19880: $? = 0
configure:19895: $PKG_CONFIG --exists --print-errors "gtk+-2.0 >= 2.8.0"
configure:19898: $? = 0
configure:19936: result: yes
configure:20094: creating ./config.status

## ---------------------- ##
## Running config.status. ##
## ---------------------- ##

This file was extended by rezlooks config.status 0.6, which was
generated by GNU Autoconf 2.59.  Invocation command line was

  CONFIG_FILES    = 
  CONFIG_HEADERS  = 
  CONFIG_LINKS    = 
  CONFIG_COMMANDS = 
  $ ./config.status 

on montaigne

config.status:731: creating Makefile
config.status:731: creating rezlooks.pc
config.status:835: creating src/config.h
config.status:945: src/config.h is unchanged
config.status:1125: executing depfiles commands

## ---------------- ##
## Cache variables. ##
## ---------------- ##

ac_cv_build=i686-pc-linux-gnu
ac_cv_build_alias=i686-pc-linux-gnu
ac_cv_c_compiler_gnu=yes
ac_cv_cxx_compiler_gnu=yes
ac_cv_env_CC_set=
ac_cv_env_CC_value=
ac_cv_env_CFLAGS_set=
ac_cv_env_CFLAGS_value=
ac_cv_env_CPPFLAGS_set=
ac_cv_env_CPPFLAGS_value=
ac_cv_env_CPP_set=
ac_cv_env_CPP_value=
ac_cv_env_CXXCPP_set=
ac_cv_env_CXXCPP_value=
ac_cv_env_CXXFLAGS_set=
ac_cv_env_CXXFLAGS_value=
ac_cv_env_CXX_set=
ac_cv_env_CXX_value=
ac_cv_env_F77_set=
ac_cv_env_F77_value=
ac_cv_env_FFLAGS_set=
ac_cv_env_FFLAGS_value=
ac_cv_env_GTK_CFLAGS_set=
ac_cv_env_GTK_CFLAGS_value=
ac_cv_env_GTK_LIBS_set=
ac_cv_env_GTK_LIBS_value=
ac_cv_env_LDFLAGS_set=
ac_cv_env_LDFLAGS_value=
ac_cv_env_PKG_CONFIG_set=
ac_cv_env_PKG_CONFIG_value=
ac_cv_env_build_alias_set=
ac_cv_env_build_alias_value=
ac_cv_env_host_alias_set=
ac_cv_env_host_alias_value=
ac_cv_env_target_alias_set=
ac_cv_env_target_alias_value=
ac_cv_exeext=
ac_cv_f77_compiler_gnu=yes
ac_cv_header_dlfcn_h=yes
ac_cv_header_inttypes_h=yes
ac_cv_header_memory_h=yes
ac_cv_header_stdc=yes
ac_cv_header_stdint_h=yes
ac_cv_header_stdlib_h=yes
ac_cv_header_string_h=yes
ac_cv_header_strings_h=yes
ac_cv_header_sys_stat_h=yes
ac_cv_header_sys_types_h=yes
ac_cv_header_unistd_h=yes
ac_cv_host=i686-pc-linux-gnu
ac_cv_host_alias=i686-pc-linux-gnu
ac_cv_objext=o
ac_cv_path_ac_pt_PKG_CONFIG=/usr/bin/pkg-config
ac_cv_path_install='/bin/install -c'
ac_cv_prog_AWK=gawk
ac_cv_prog_CPP='gcc -E'
ac_cv_prog_CXXCPP='g++ -E'
ac_cv_prog_ac_ct_AR=ar
ac_cv_prog_ac_ct_CC=gcc
ac_cv_prog_ac_ct_CXX=g++
ac_cv_prog_ac_ct_F77=gfortran
ac_cv_prog_ac_ct_RANLIB=ranlib
ac_cv_prog_ac_ct_STRIP=strip
ac_cv_prog_cc_g=yes
ac_cv_prog_cc_stdc=
ac_cv_prog_cxx_g=yes
ac_cv_prog_egrep='grep -E'
ac_cv_prog_f77_g=yes
ac_cv_prog_make_make_set=yes
am_cv_CC_dependencies_compiler_type=gcc3
am_cv_CXX_dependencies_compiler_type=gcc3
am_cv_prog_cc_stdc=
lt_cv_deplibs_check_method=pass_all
lt_cv_file_magic_cmd='$MAGIC_CMD'
lt_cv_file_magic_test_file=
lt_cv_ld_reload_flag=-r
lt_cv_objdir=.libs
lt_cv_path_LD=/usr/bin/ld
lt_cv_path_LDCXX=/usr/bin/ld
lt_cv_path_NM='/usr/bin/nm -B'
lt_cv_path_SED=/bin/sed
lt_cv_prog_compiler_c_o=yes
lt_cv_prog_compiler_c_o_CXX=yes
lt_cv_prog_compiler_c_o_F77=yes
lt_cv_prog_compiler_rtti_exceptions=no
lt_cv_prog_gnu_ld=yes
lt_cv_prog_gnu_ldcxx=yes
lt_cv_sys_global_symbol_pipe='sed -n -e '\''s/^.*[ 	]\([ABCDGIRSTW][ABCDGIRSTW]*\)[ 	][ 	]*\([_A-Za-z][_A-Za-z0-9]*\)$/\1 \2 \2/p'\'''
lt_cv_sys_global_symbol_to_c_name_address='sed -n -e '\''s/^: \([^ ]*\) $/  {\"\1\", (lt_ptr) 0},/p'\'' -e '\''s/^[BCDEGRST] \([^ ]*\) \([^ ]*\)$/  {"\2", (lt_ptr) \&\2},/p'\'''
lt_cv_sys_global_symbol_to_cdecl='sed -n -e '\''s/^. .* \(.*\)$/extern int \1;/p'\'''
lt_cv_sys_max_cmd_len=32768
lt_lt_cv_prog_compiler_c_o='"yes"'
lt_lt_cv_prog_compiler_c_o_CXX='"yes"'
lt_lt_cv_prog_compiler_c_o_F77='"yes"'
lt_lt_cv_sys_global_symbol_pipe='"sed -n -e '\''s/^.*[ 	]\\([ABCDGIRSTW][ABCDGIRSTW]*\\)[ 	][ 	]*\\([_A-Za-z][_A-Za-z0-9]*\\)\$/\\1 \\2 \\2/p'\''"'
lt_lt_cv_sys_global_symbol_to_c_name_address='"sed -n -e '\''s/^: \\([^ ]*\\) \$/  {\\\"\\1\\\", (lt_ptr) 0},/p'\'' -e '\''s/^[BCDEGRST] \\([^ ]*\\) \\([^ ]*\\)\$/  {\"\\2\", (lt_ptr) \\&\\2},/p'\''"'
lt_lt_cv_sys_global_symbol_to_cdecl='"sed -n -e '\''s/^. .* \\(.*\\)\$/extern int \\1;/p'\''"'
pkg_cv_GTK_CFLAGS='-I/usr/include/gtk-2.0 -I/usr/lib/gtk-2.0/include -I/usr/include/atk-1.0 -I/usr/include/cairo -I/usr/include/pango-1.0 -I/usr/include/glib-2.0 -I/usr/lib/glib-2.0/include  '
pkg_cv_GTK_LIBS='-lgtk-x11-2.0 -lgdk-x11-2.0 -latk-1.0 -lgdk_pixbuf-2.0 -lm -lpangocairo-1.0 -lpango-1.0 -lcairo -lgobject-2.0 -lgmodule-2.0 -ldl -lglib-2.0  '

## ----------------- ##
## Output variables. ##
## ----------------- ##

ACLOCAL='${SHELL} /home/rezza/src/rezlooks-0.6/missing --run aclocal-1.9'
AMDEPBACKSLASH='\'
AMDEP_FALSE='#'
AMDEP_TRUE=''
AMTAR='${SHELL} /home/rezza/src/rezlooks-0.6/missing --run tar'
AR='ar'
AS='as'
AUTOCONF='${SHELL} /home/rezza/src/rezlooks-0.6/missing --run autoconf'
AUTOHEADER='${SHELL} /home/rezza/src/rezlooks-0.6/missing --run autoheader'
AUTOMAKE='${SHELL} /home/rezza/src/rezlooks-0.6/missing --run automake-1.9'
AWK='gawk'
BUILD_ENGINES=''
BUILD_THEMES=''
CC='gcc'
CCDEPMODE='depmode=gcc3'
CFLAGS='-g -O2'
CPP='gcc -E'
CPPFLAGS=''
CXX='g++'
CXXCPP='g++ -E'
CXXDEPMODE='depmode=gcc3'
CXXFLAGS='-g -O2'
CYGPATH_W='echo'
DEFS='-DHAVE_CONFIG_H'
DEPDIR='.deps'
DLLTOOL='dlltool'
ECHO='echo'
ECHO_C=''
ECHO_N='-n'
ECHO_T=''
EGREP='grep -E'
EXEEXT=''
F77='gfortran'
FFLAGS='-g -O2'
GTK_CFLAGS='-I/usr/include/gtk-2.0 -I/usr/lib/gtk-2.0/include -I/usr/include/atk-1.0 -I/usr/include/cairo -I/usr/include/pango-1.0 -I/usr/include/glib-2.0 -I/usr/lib/glib-2.0/include  '
GTK_LIBS='-lgtk-x11-2.0 -lgdk-x11-2.0 -latk-1.0 -lgdk_pixbuf-2.0 -lm -lpangocairo-1.0 -lpango-1.0 -lcairo -lgobject-2.0 -lgmodule-2.0 -ldl -lglib-2.0  '
GTK_VERSION='2.4.0'
INSTALL_DATA='${INSTALL} -m 644'
INSTALL_PROGRAM='${INSTALL}'
INSTALL_SCRIPT='${INSTALL}'
INSTALL_STRIP_PROGRAM='${SHELL} $(install_sh) -c -s'
LDFLAGS=''
LIBOBJS=''
LIBS=''
LIBTOOL='$(SHELL) $(top_builddir)/libtool'
LN_S='ln -s'
LTLIBOBJS=''
MAINT='#'
MAINTAINER_MODE_FALSE=''
MAINTAINER_MODE_TRUE='#'
MAKEINFO='${SHELL} /home/rezza/src/rezlooks-0.6/missing --run makeinfo'
OBJDUMP='objdump'
OBJEXT='o'
PACKAGE='rezlooks'
PACKAGE_BUGREPORT=''
PACKAGE_NAME='rezlooks'
PACKAGE_STRING='rezlooks 0.6'
PACKAGE_TARNAME='rezlooks'
PACKAGE_VERSION='0.6'
PATH_SEPARATOR=':'
PKG_CONFIG='/usr/bin/pkg-config'
RANLIB='ranlib'
SET_MAKE=''
SHELL='/bin/sh'
STRIP='strip'
VERSION='0.6'
ac_ct_AR='ar'
ac_ct_AS=''
ac_ct_CC='gcc'
ac_ct_CXX='g++'
ac_ct_DLLTOOL=''
ac_ct_F77='gfortran'
ac_ct_OBJDUMP=''
ac_ct_RANLIB='ranlib'
ac_ct_STRIP='strip'
ac_pt_PKG_CONFIG='/usr/bin/pkg-config'
am__fastdepCC_FALSE='#'
am__fastdepCC_TRUE=''
am__fastdepCXX_FALSE='#'
am__fastdepCXX_TRUE=''
am__include='include'
am__leading_dot='.'
am__quote=''
am__tar='${AMTAR} chof - "$$tardir"'
am__untar='${AMTAR} xf -'
bindir='${exec_prefix}/bin'
build='i686-pc-linux-gnu'
build_alias=''
build_cpu='i686'
build_os='linux-gnu'
build_vendor='pc'
datadir='${prefix}/share'
exec_prefix='${prefix}'
host='i686-pc-linux-gnu'
host_alias=''
host_cpu='i686'
host_os='linux-gnu'
host_vendor='pc'
includedir='${prefix}/include'
infodir='${prefix}/info'
install_sh='/home/rezza/src/rezlooks-0.6/install-sh'
libdir='${exec_prefix}/lib'
libexecdir='${exec_prefix}/libexec'
localstatedir='${prefix}/var'
mandir='${prefix}/man'
mkdir_p='mkdir -p --'
oldincludedir='/usr/include'
prefix='/usr'
program_transform_name='s,x,x,'
sbindir='${exec_prefix}/sbin'
sharedstatedir='${prefix}/com'
sysconfdir='${prefix}/etc'
target_alias=''

## ----------- ##
## confdefs.h. ##
## ----------- ##

#define HAVE_ANIMATION 1
#define HAVE_DLFCN_H 1
#define HAVE_INTTYPES_H 1
#define HAVE_MEMORY_H 1
#define HAVE_STDINT_H 1
#define HAVE_STDLIB_H 1
#define HAVE_STRINGS_H 1
#define HAVE_STRING_H 1
#define HAVE_SYS_STAT_H 1
#define HAVE_SYS_TYPES_H 1
#define HAVE_UNISTD_H 1
#define PACKAGE "rezlooks"
#define PACKAGE_BUGREPORT ""
#define PACKAGE_NAME "rezlooks"
#define PACKAGE_STRING "rezlooks 0.6"
#define PACKAGE_TARNAME "rezlooks"
#define PACKAGE_VERSION "0.6"
#define STDC_HEADERS 1
#define VERSION "0.6"
#endif
#ifdef __cplusplus
extern "C" void std::exit (int) throw (); using std::exit;

configure: exit 0
